<?xml version="1.0" encoding="UTF-8"?>
<testng-results skipped="0" failed="0" total="1" passed="1">
  <reporter-output>
  </reporter-output>
  <suite name="Default suite" duration-ms="21" started-at="2016-07-07T06:06:57Z" finished-at="2016-07-07T06:06:57Z">
    <groups>
    </groups>
    <test name="Default test" duration-ms="21" started-at="2016-07-07T06:06:57Z" finished-at="2016-07-07T06:06:57Z">
      <class name="com.lushop.logback.test.TestLog">
        <test-method status="PASS" signature="TestNgLearn()[pri:0, instance:com.lushop.logback.test.TestLog@2e84e1]" name="TestNgLearn" duration-ms="12" started-at="2016-07-07T14:06:57Z" finished-at="2016-07-07T14:06:57Z">
          <reporter-output>
          </reporter-output>
        </test-method> <!-- TestNgLearn -->
      </class> <!-- com.lushop.logback.test.TestLog -->
    </test> <!-- Default test -->
  </suite> <!-- Default suite -->
</testng-results>
